Start testing: Sep 24 15:52 CST
----------------------------------------------------------
1/4 Testing: test_lock
1/4 Test: test_lock
Command: "/home/fengyue/workspace/pans/bin/tests/test_lock" "1000"
Directory: /home/fengyue/workspace/pans/build/tests
"test_lock" start time: Sep 24 15:52 CST
Output:
----------------------------------------------------------
operations: 1000, average of 7 runs

threads: 1
mutex         41962.29 ns 	total, 41.96 ns/op
shared mutex  46124.14 ns 	total, 46.12 ns/op
atomic        40611.00 ns 	total, 40.61 ns/op
atomic CAS    30536.57 ns 	total, 30.54 ns/op

threads: 2
mutex         79259.43 ns 	total, 79.26 ns/op
shared mutex  91570.43 ns 	total, 91.57 ns/op
atomic        38629.00 ns 	total, 38.63 ns/op
atomic CAS    41732.14 ns 	total, 41.73 ns/op

threads: 4
mutex         73438.57 ns 	total, 73.44 ns/op
shared mutex  88379.71 ns 	total, 88.38 ns/op
atomic        135518.71 ns 	total, 135.52 ns/op
atomic CAS    55719.00 ns 	total, 55.72 ns/op

threads: 8
mutex         91523.71 ns 	total, 91.52 ns/op
shared mutex  116283.57 ns 	total, 116.28 ns/op
atomic        62772.29 ns 	total, 62.77 ns/op
atomic CAS    65489.14 ns 	total, 65.49 ns/op

threads: 10
mutex         98738.86 ns 	total, 98.74 ns/op
shared mutex  248058.29 ns 	total, 248.06 ns/op
atomic        47969.14 ns 	total, 47.97 ns/op
atomic CAS    74001.43 ns 	total, 74.00 ns/op

<end of output>
Test time =   0.04 sec
----------------------------------------------------------
Test Passed.
"test_lock" end time: Sep 24 15:52 CST
"test_lock" time elapsed: 00:00:00
----------------------------------------------------------

2/4 Testing: test_logger
2/4 Test: test_logger
Command: "/home/fengyue/workspace/pans/bin/tests/test_logger"
Directory: /home/fengyue/workspace/pans/build/tests
"test_logger" start time: Sep 24 15:52 CST
Output:
----------------------------------------------------------
2026-09-24 15:52:37.083765	thread=33916	fiber=0	[DEBUG]	/home/fengyue/workspace/pans/tests/test_logger.cpp:18	debug message
2026-09-24 15:52:37.083805	thread=33916	fiber=0	[INFO]	/home/fengyue/workspace/pans/tests/test_logger.cpp:19	info message
2026-09-24 15:52:37.083808	thread=33916	fiber=0	[WARN]	/home/fengyue/workspace/pans/tests/test_logger.cpp:20	warning message
2026-09-24 15:52:37.083809	thread=33916	fiber=0	[ERROR]	/home/fengyue/workspace/pans/tests/test_logger.cpp:21	error message
2026-09-24 15:52:37.083810	thread=33916	fiber=0	[FATAL]	/home/fengyue/workspace/pans/tests/test_logger.cpp:22	fatal message
----------------------------------------------------
2026-09-24 15:52:37.083836	thread=33916	fiber=0	[DEBUG]	/home/fengyue/workspace/pans/tests/test_logger.cpp:24	debug message
2026-09-24 15:52:37.083838	thread=33916	fiber=0	[INFO]	/home/fengyue/workspace/pans/tests/test_logger.cpp:25	info message
2026-09-24 15:52:37.083840	thread=33916	fiber=0	[WARN]	/home/fengyue/workspace/pans/tests/test_logger.cpp:26	warn message
2026-09-24 15:52:37.083841	thread=33916	fiber=0	[ERROR]	/home/fengyue/workspace/pans/tests/test_logger.cpp:27	error message
2026-09-24 15:52:37.083842	thread=33916	fiber=0	[FATAL]	/home/fengyue/workspace/pans/tests/test_logger.cpp:28	fatal message
----------------------------------------------------
2026-09-24 15:52:37.083845	thread=33916	fiber=0	[INFO]	/home/fengyue/workspace/pans/tests/test_logger.cpp:38	c=a i=42 msg1: hello msg2: world msg3: pans 磐石
2026-09-24 15:52:37.083872	thread=33916	fiber=0	[INFO]	/home/fengyue/workspace/pans/tests/test_logger.cpp:39	c=a i=42 msg1: hello msg2: world msg3: pans 磐石

The same records were written to: "/tmp/test_logger.log"
<end of output>
Test time =   0.03 sec
----------------------------------------------------------
Test Passed.
"test_logger" end time: Sep 24 15:52 CST
"test_logger" time elapsed: 00:00:00
----------------------------------------------------------

3/4 Testing: test_mutex
3/4 Test: test_mutex
Command: "/home/fengyue/workspace/pans/bin/tests/test_mutex" "1000"
Directory: /home/fengyue/workspace/pans/build/tests
"test_mutex" start time: Sep 24 15:52 CST
Output:
----------------------------------------------------------
terminate called after throwing an instance of 'std::runtime_error'
  what():  mutex correctness check failed
<end of output>
Test time =   0.03 sec
----------------------------------------------------------
Test Failed.
"test_mutex" end time: Sep 24 15:52 CST
"test_mutex" time elapsed: 00:00:00
----------------------------------------------------------

4/4 Testing: test_log_buffer
4/4 Test: test_log_buffer
Command: "/home/fengyue/workspace/pans/bin/tests/test_log_buffer" "1000"
Directory: /home/fengyue/workspace/pans/build/tests/inner_tests
"test_log_buffer" start time: Sep 24 15:52 CST
Output:
----------------------------------------------------------
operations: 1000, average of 7 runs

message: 50 characters
SmallStreamBuffer             88986.14 ns 	total, 88.99 ns/op
std::stringstream             105632.71 ns 	total, 105.63 ns/op
speedup: 1.19x

message: 100 characters
SmallStreamBuffer             71604.43 ns 	total, 71.60 ns/op
std::stringstream             92360.43 ns 	total, 92.36 ns/op
speedup: 1.29x

message: 200 characters
SmallStreamBuffer             234774.86 ns 	total, 234.77 ns/op
std::stringstream             96275.14 ns 	total, 96.28 ns/op
speedup: 0.41x

message: 500 characters
SmallStreamBuffer             215677.71 ns 	total, 215.68 ns/op
std::stringstream             94385.71 ns 	total, 94.39 ns/op
speedup: 0.44x

message: 1000 characters
SmallStreamBuffer             232004.14 ns 	total, 232.00 ns/op
std::stringstream             124700.57 ns 	total, 124.70 ns/op
speedup: 0.54x

message: 2048 characters
SmallStreamBuffer             238956.43 ns 	total, 238.96 ns/op
std::stringstream             173123.57 ns 	total, 173.12 ns/op
speedup: 0.72x

<end of output>
Test time =   0.01 sec
----------------------------------------------------------
Test Passed.
"test_log_buffer" end time: Sep 24 15:52 CST
"test_log_buffer" time elapsed: 00:00:00
----------------------------------------------------------

End testing: Sep 24 15:52 CST
